# JRE version: Java(TM) SE Runtime Environment (8.0_301-b09) (build 1.8.0_301-b09)
# Java VM: Java HotSpot(TM) 64-Bit Server VM (25.301-b09 mixed mode windows-amd64 compressed oops)
Heap:
 PSYoungGen      total 173568K, used 50146K [0x000000076b400000, 0x0000000778700000, 0x00000007c0000000)
  eden space 162816K, 24% used [0x000000076b400000,0x000000076da7f6b8,0x0000000775300000)
  from space 10752K, 99% used [0x0000000775300000,0x0000000775d79368,0x0000000775d80000)
  to   space 9216K, 0% used [0x0000000775d80000,0x0000000775d80000,0x0000000776680000)
 ParOldGen       total 160256K, used 21158K [0x00000006c1c00000, 0x00000006cb880000, 0x000000076b400000)
  object space 160256K, 13% used [0x00000006c1c00000,0x00000006c30a9a80,0x00000006cb880000)
 Metaspace       used 51489K, capacity 54440K, committed 54528K, reserved 1095680K
  class space    used 7155K, capacity 7653K, committed 7680K, reserved 1048576K
GC Heap History (10 events):
Event: 3.325 GC heap before
{Heap before GC invocations=5 (full 1):
 PSYoungGen      total 76288K, used 65521K [0x000000076b400000, 0x0000000774900000, 0x00000007c0000000)
  eden space 65536K, 99% used [0x000000076b400000,0x000000076f3fc7d0,0x000000076f400000)
  from space 10752K, 0% used [0x000000076f400000,0x000000076f400000,0x000000076fe80000)
  to   space 10752K, 0% used [0x0000000773e80000,0x0000000773e80000,0x0000000774900000)
 ParOldGen       total 99840K, used 6848K [0x00000006c1c00000, 0x00000006c7d80000, 0x000000076b400000)
  object space 99840K, 6% used [0x00000006c1c00000,0x00000006c22b0140,0x00000006c7d80000)
 Metaspace       used 23670K, capacity 25434K, committed 25600K, reserved 1071104K
  class space    used 3114K, capacity 3457K, committed 3584K, reserved 1048576K
Event: 3.331 GC heap after
Heap after GC invocations=5 (full 1):
 PSYoungGen      total 111104K, used 5716K [0x000000076b400000, 0x0000000774480000, 0x00000007c0000000)
  eden space 104960K, 0% used [0x000000076b400000,0x000000076b400000,0x0000000771a80000)
  from space 6144K, 93% used [0x0000000773e80000,0x0000000774415248,0x0000000774480000)
  to   space 10752K, 0% used [0x0000000772f80000,0x0000000772f80000,0x0000000773a00000)
 ParOldGen       total 99840K, used 6856K [0x00000006c1c00000, 0x00000006c7d80000, 0x000000076b400000)
  object space 99840K, 6% used [0x00000006c1c00000,0x00000006c22b2140,0x00000006c7d80000)
 Metaspace       used 23670K, capacity 25434K, committed 25600K, reserved 1071104K
  class space    used 3114K, capacity 3457K, committed 3584K, reserved 1048576K
}
Event: 4.306 GC heap before
{Heap before GC invocations=6 (full 1):
 PSYoungGen      total 111104K, used 110676K [0x000000076b400000, 0x0000000774480000, 0x00000007c0000000)
  eden space 104960K, 100% used [0x000000076b400000,0x0000000771a80000,0x0000000771a80000)
  from space 6144K, 93% used [0x0000000773e80000,0x0000000774415248,0x0000000774480000)
  to   space 10752K, 0% used [0x0000000772f80000,0x0000000772f80000,0x0000000773a00000)
 ParOldGen       total 99840K, used 6856K [0x00000006c1c00000, 0x00000006c7d80000, 0x000000076b400000)
  object space 99840K, 6% used [0x00000006c1c00000,0x00000006c22b2140,0x00000006c7d80000)
 Metaspace       used 26928K, capacity 28950K, committed 29056K, reserved 1075200K
  class space    used 3523K, capacity 3883K, committed 3968K, reserved 1048576K
Event: 4.315 GC heap after
Heap after GC invocations=6 (full 1):
 PSYoungGen      total 137216K, used 7279K [0x000000076b400000, 0x0000000776680000, 0x00000007c0000000)
  eden space 126464K, 0% used [0x000000076b400000,0x000000076b400000,0x0000000772f80000)
  from space 10752K, 67% used [0x0000000772f80000,0x000000077369bc48,0x0000000773a00000)
  to   space 9216K, 0% used [0x0000000775d80000,0x0000000775d80000,0x0000000776680000)
 ParOldGen       total 99840K, used 6864K [0x00000006c1c00000, 0x00000006c7d80000, 0x000000076b400000)
  object space 99840K, 6% used [0x00000006c1c00000,0x00000006c22b4140,0x00000006c7d80000)
 Metaspace       used 26928K, capacity 28950K, committed 29056K, reserved 1075200K
  class space    used 3523K, capacity 3883K, committed 3968K, reserved 1048576K
}
Event: 5.740 GC heap before
{Heap before GC invocations=7 (full 1):
 PSYoungGen      total 137216K, used 100320K [0x000000076b400000, 0x0000000776680000, 0x00000007c0000000)
  eden space 126464K, 73% used [0x000000076b400000,0x0000000770edc438,0x0000000772f80000)
  from space 10752K, 67% used [0x0000000772f80000,0x000000077369bc48,0x0000000773a00000)
  to   space 9216K, 0% used [0x0000000775d80000,0x0000000775d80000,0x0000000776680000)
 ParOldGen       total 99840K, used 6864K [0x00000006c1c00000, 0x00000006c7d80000, 0x000000076b400000)
  object space 99840K, 6% used [0x00000006c1c00000,0x00000006c22b4140,0x00000006c7d80000)
 Metaspace       used 32921K, capacity 35408K, committed 35496K, reserved 1079296K
  class space    used 4356K, capacity 4826K, committed 4864K, reserved 1048576K
Event: 5.752 GC heap after
Heap after GC invocations=7 (full 1):
 PSYoungGen      total 172032K, used 9195K [0x000000076b400000, 0x0000000778700000, 0x00000007c0000000)
  eden space 162816K, 0% used [0x000000076b400000,0x000000076b400000,0x0000000775300000)
  from space 9216K, 99% used [0x0000000775d80000,0x000000077667ac78,0x0000000776680000)
  to   space 10752K, 0% used [0x0000000775300000,0x0000000775300000,0x0000000775d80000)
 ParOldGen       total 99840K, used 8748K [0x00000006c1c00000, 0x00000006c7d80000, 0x000000076b400000)
  object space 99840K, 8% used [0x00000006c1c00000,0x00000006c248b2b0,0x00000006c7d80000)
 Metaspace       used 32921K, capacity 35408K, committed 35496K, reserved 1079296K
  class space    used 4356K, capacity 4826K, committed 4864K, reserved 1048576K
}
Event: 5.752 GC heap before
{Heap before GC invocations=8 (full 2):
 PSYoungGen      total 172032K, used 9195K [0x000000076b400000, 0x0000000778700000, 0x00000007c0000000)
  eden space 162816K, 0% used [0x000000076b400000,0x000000076b400000,0x0000000775300000)
  from space 9216K, 99% used [0x0000000775d80000,0x000000077667ac78,0x0000000776680000)
  to   space 10752K, 0% used [0x0000000775300000,0x0000000775300000,0x0000000775d80000)
 ParOldGen       total 99840K, used 8748K [0x00000006c1c00000, 0x00000006c7d80000, 0x000000076b400000)
  object space 99840K, 8% used [0x00000006c1c00000,0x00000006c248b2b0,0x00000006c7d80000)
 Metaspace       used 32921K, capacity 35408K, committed 35496K, reserved 1079296K
  class space    used 4356K, capacity 4826K, committed 4864K, reserved 1048576K
Event: 5.806 GC heap after
Heap after GC invocations=8 (full 2):
 PSYoungGen      total 172032K, used 0K [0x000000076b400000, 0x0000000778700000, 0x00000007c0000000)
  eden space 162816K, 0% used [0x000000076b400000,0x000000076b400000,0x0000000775300000)
  from space 9216K, 0% used [0x0000000775d80000,0x0000000775d80000,0x0000000776680000)
  to   space 10752K, 0% used [0x0000000775300000,0x0000000775300000,0x0000000775d80000)
 ParOldGen       total 160256K, used 15822K [0x00000006c1c00000, 0x00000006cb880000, 0x000000076b400000)
  object space 160256K, 9% used [0x00000006c1c00000,0x00000006c2b738d8,0x00000006cb880000)
 Metaspace       used 32921K, capacity 35408K, committed 35496K, reserved 1079296K
  class space    used 4356K, capacity 4826K, committed 4864K, reserved 1048576K
}
Event: 10.505 GC heap before
{Heap before GC invocations=9 (full 2):
 PSYoungGen      total 172032K, used 162816K [0x000000076b400000, 0x0000000778700000, 0x00000007c0000000)
  eden space 162816K, 100% used [0x000000076b400000,0x0000000775300000,0x0000000775300000)
  from space 9216K, 0% used [0x0000000775d80000,0x0000000775d80000,0x0000000776680000)
  to   space 10752K, 0% used [0x0000000775300000,0x0000000775300000,0x0000000775d80000)
 ParOldGen       total 160256K, used 15822K [0x00000006c1c00000, 0x00000006cb880000, 0x000000076b400000)
  object space 160256K, 9% used [0x00000006c1c00000,0x00000006c2b738d8,0x00000006cb880000)
 Metaspace       used 49034K, capacity 51862K, committed 52224K, reserved 1093632K
  class space    used 6773K, capacity 7300K, committed 7424K, reserved 1048576K
Event: 10.528 GC heap after
Heap after GC invocations=9 (full 2):
 PSYoungGen      total 173568K, used 10724K [0x000000076b400000, 0x0000000778700000, 0x00000007c0000000)
  eden space 162816K, 0% used [0x000000076b400000,0x000000076b400000,0x0000000775300000)
  from space 10752K, 99% used [0x0000000775300000,0x0000000775d79368,0x0000000775d80000)
  to   space 9216K, 0% used [0x0000000775d80000,0x0000000775d80000,0x0000000776680000)
 ParOldGen       total 160256K, used 21158K [0x00000006c1c00000, 0x00000006cb880000, 0x000000076b400000)
  object space 160256K, 13% used [0x00000006c1c00000,0x00000006c30a9a80,0x00000006cb880000)
 Metaspace       used 49034K, capacity 51862K, committed 52224K, reserved 1093632K
  class space    used 6773K, capacity 7300K, committed 7424K, reserved 1048576K
}

