# JRE version: Java(TM) SE Runtime Environment (8.0_301-b09) (build 1.8.0_301-b09)
# Java VM: Java HotSpot(TM) 64-Bit Server VM (25.301-b09 mixed mode windows-amd64 compressed oops)
Heap:
 PSYoungGen      total 398848K, used 27074K [0x000000076b400000, 0x0000000785080000, 0x00000007c0000000)
  eden space 386560K, 3% used [0x000000076b400000,0x000000076c273648,0x0000000782d80000)
  from space 12288K, 99% used [0x0000000784480000,0x000000078507d590,0x0000000785080000)
  to   space 16896K, 0% used [0x0000000782f80000,0x0000000782f80000,0x0000000784000000)
 ParOldGen       total 112640K, used 20425K [0x00000006c1c00000, 0x00000006c8a00000, 0x000000076b400000)
  object space 112640K, 18% used [0x00000006c1c00000,0x00000006c2ff2610,0x00000006c8a00000)
 Metaspace       used 54894K, capacity 57984K, committed 58108K, reserved 1099776K
  class space    used 7598K, capacity 8131K, committed 8192K, reserved 1048576K
GC Heap History (10 events):
Event: 3.369 GC heap before
{Heap before GC invocations=5 (full 1):
 PSYoungGen      total 141824K, used 5589K [0x000000076b400000, 0x0000000774900000, 0x00000007c0000000)
  eden space 131072K, 0% used [0x000000076b400000,0x000000076b400000,0x0000000773400000)
  from space 10752K, 51% used [0x0000000773e80000,0x00000007743f5410,0x0000000774900000)
  to   space 10752K, 0% used [0x0000000773400000,0x0000000773400000,0x0000000773e80000)
 ParOldGen       total 175104K, used 48K [0x00000006c1c00000, 0x00000006cc700000, 0x000000076b400000)
  object space 175104K, 0% used [0x00000006c1c00000,0x00000006c1c0c000,0x00000006cc700000)
 Metaspace       used 19921K, capacity 21518K, committed 21628K, reserved 1069056K
  class space    used 2593K, capacity 2911K, committed 2944K, reserved 1048576K
Event: 3.432 GC heap after
Heap after GC invocations=5 (full 1):
 PSYoungGen      total 141824K, used 0K [0x000000076b400000, 0x0000000774900000, 0x00000007c0000000)
  eden space 131072K, 0% used [0x000000076b400000,0x000000076b400000,0x0000000773400000)
  from space 10752K, 0% used [0x0000000773e80000,0x0000000773e80000,0x0000000774900000)
  to   space 10752K, 0% used [0x0000000773400000,0x0000000773400000,0x0000000773e80000)
 ParOldGen       total 84992K, used 5438K [0x00000006c1c00000, 0x00000006c6f00000, 0x000000076b400000)
  object space 84992K, 6% used [0x00000006c1c00000,0x00000006c214fad0,0x00000006c6f00000)
 Metaspace       used 19921K, capacity 21518K, committed 21628K, reserved 1069056K
  class space    used 2593K, capacity 2911K, committed 2944K, reserved 1048576K
}
Event: 4.561 GC heap before
{Heap before GC invocations=6 (full 1):
 PSYoungGen      total 141824K, used 131072K [0x000000076b400000, 0x0000000774900000, 0x00000007c0000000)
  eden space 131072K, 100% used [0x000000076b400000,0x0000000773400000,0x0000000773400000)
  from space 10752K, 0% used [0x0000000773e80000,0x0000000773e80000,0x0000000774900000)
  to   space 10752K, 0% used [0x0000000773400000,0x0000000773400000,0x0000000773e80000)
 ParOldGen       total 84992K, used 5438K [0x00000006c1c00000, 0x00000006c6f00000, 0x000000076b400000)
  object space 84992K, 6% used [0x00000006c1c00000,0x00000006c214fad0,0x00000006c6f00000)
 Metaspace       used 25176K, capacity 27062K, committed 27260K, reserved 1073152K
  class space    used 3282K, capacity 3637K, committed 3712K, reserved 1048576K
Event: 4.573 GC heap after
Heap after GC invocations=6 (full 1):
 PSYoungGen      total 141824K, used 8947K [0x000000076b400000, 0x000000077a800000, 0x00000007c0000000)
  eden space 131072K, 0% used [0x000000076b400000,0x000000076b400000,0x0000000773400000)
  from space 10752K, 83% used [0x0000000773400000,0x0000000773cbcfd0,0x0000000773e80000)
  to   space 10240K, 0% used [0x0000000779e00000,0x0000000779e00000,0x000000077a800000)
 ParOldGen       total 84992K, used 5446K [0x00000006c1c00000, 0x00000006c6f00000, 0x000000076b400000)
  object space 84992K, 6% used [0x00000006c1c00000,0x00000006c2151ad0,0x00000006c6f00000)
 Metaspace       used 25176K, capacity 27062K, committed 27260K, reserved 1073152K
  class space    used 3282K, capacity 3637K, committed 3712K, reserved 1048576K
}
Event: 6.863 GC heap before
{Heap before GC invocations=7 (full 1):
 PSYoungGen      total 141824K, used 140019K [0x000000076b400000, 0x000000077a800000, 0x00000007c0000000)
  eden space 131072K, 100% used [0x000000076b400000,0x0000000773400000,0x0000000773400000)
  from space 10752K, 83% used [0x0000000773400000,0x0000000773cbcfd0,0x0000000773e80000)
  to   space 10240K, 0% used [0x0000000779e00000,0x0000000779e00000,0x000000077a800000)
 ParOldGen       total 84992K, used 5446K [0x00000006c1c00000, 0x00000006c6f00000, 0x000000076b400000)
  object space 84992K, 6% used [0x00000006c1c00000,0x00000006c2151ad0,0x00000006c6f00000)
 Metaspace       used 33252K, capacity 35766K, committed 35836K, reserved 1081344K
  class space    used 4392K, capacity 4859K, committed 4864K, reserved 1048576K
Event: 6.881 GC heap after
Heap after GC invocations=7 (full 1):
 PSYoungGen      total 232960K, used 10231K [0x000000076b400000, 0x000000077a800000, 0x00000007c0000000)
  eden space 222720K, 0% used [0x000000076b400000,0x000000076b400000,0x0000000778d80000)
  from space 10240K, 99% used [0x0000000779e00000,0x000000077a7fde18,0x000000077a800000)
  to   space 12800K, 0% used [0x0000000778f00000,0x0000000778f00000,0x0000000779b80000)
 ParOldGen       total 84992K, used 8182K [0x00000006c1c00000, 0x00000006c6f00000, 0x000000076b400000)
  object space 84992K, 9% used [0x00000006c1c00000,0x00000006c23fd910,0x00000006c6f00000)
 Metaspace       used 33252K, capacity 35766K, committed 35836K, reserved 1081344K
  class space    used 4392K, capacity 4859K, committed 4864K, reserved 1048576K
}
Event: 6.933 GC heap before
{Heap before GC invocations=8 (full 1):
 PSYoungGen      total 232960K, used 14357K [0x000000076b400000, 0x000000077a800000, 0x00000007c0000000)
  eden space 222720K, 1% used [0x000000076b400000,0x000000076b807998,0x0000000778d80000)
  from space 10240K, 99% used [0x0000000779e00000,0x000000077a7fde18,0x000000077a800000)
  to   space 12800K, 0% used [0x0000000778f00000,0x0000000778f00000,0x0000000779b80000)
 ParOldGen       total 84992K, used 8182K [0x00000006c1c00000, 0x00000006c6f00000, 0x000000076b400000)
  object space 84992K, 9% used [0x00000006c1c00000,0x00000006c23fd910,0x00000006c6f00000)
 Metaspace       used 33538K, capacity 36034K, committed 36048K, reserved 1081344K
  class space    used 4426K, capacity 4861K, committed 4864K, reserved 1048576K
Event: 6.942 GC heap after
Heap after GC invocations=8 (full 1):
 PSYoungGen      total 237056K, used 8088K [0x000000076b400000, 0x0000000785080000, 0x00000007c0000000)
  eden space 224256K, 0% used [0x000000076b400000,0x000000076b400000,0x0000000778f00000)
  from space 12800K, 63% used [0x0000000778f00000,0x00000007796e6000,0x0000000779b80000)
  to   space 12288K, 0% used [0x0000000784480000,0x0000000784480000,0x0000000785080000)
 ParOldGen       total 84992K, used 8190K [0x00000006c1c00000, 0x00000006c6f00000, 0x000000076b400000)
  object space 84992K, 9% used [0x00000006c1c00000,0x00000006c23ff910,0x00000006c6f00000)
 Metaspace       used 33538K, capacity 36034K, committed 36048K, reserved 1081344K
  class space    used 4426K, capacity 4861K, committed 4864K, reserved 1048576K
}
Event: 6.942 GC heap before
{Heap before GC invocations=9 (full 2):
 PSYoungGen      total 237056K, used 8088K [0x000000076b400000, 0x0000000785080000, 0x00000007c0000000)
  eden space 224256K, 0% used [0x000000076b400000,0x000000076b400000,0x0000000778f00000)
  from space 12800K, 63% used [0x0000000778f00000,0x00000007796e6000,0x0000000779b80000)
  to   space 12288K, 0% used [0x0000000784480000,0x0000000784480000,0x0000000785080000)
 ParOldGen       total 84992K, used 8190K [0x00000006c1c00000, 0x00000006c6f00000, 0x000000076b400000)
  object space 84992K, 9% used [0x00000006c1c00000,0x00000006c23ff910,0x00000006c6f00000)
 Metaspace       used 33538K, capacity 36034K, committed 36048K, reserved 1081344K
  class space    used 4426K, capacity 4861K, committed 4864K, reserved 1048576K
Event: 7.016 GC heap after
Heap after GC invocations=9 (full 2):
 PSYoungGen      total 237056K, used 0K [0x000000076b400000, 0x0000000785080000, 0x00000007c0000000)
  eden space 224256K, 0% used [0x000000076b400000,0x000000076b400000,0x0000000778f00000)
  from space 12800K, 0% used [0x0000000778f00000,0x0000000778f00000,0x0000000779b80000)
  to   space 12288K, 0% used [0x0000000784480000,0x0000000784480000,0x0000000785080000)
 ParOldGen       total 112640K, used 12991K [0x00000006c1c00000, 0x00000006c8a00000, 0x000000076b400000)
  object space 112640K, 11% used [0x00000006c1c00000,0x00000006c28afcb8,0x00000006c8a00000)
 Metaspace       used 33538K, capacity 36034K, committed 36048K, reserved 1081344K
  class space    used 4426K, capacity 4861K, committed 4864K, reserved 1048576K
}

