# JRE version: Java(TM) SE Runtime Environment (8.0_301-b09) (build 1.8.0_301-b09)
# Java VM: Java HotSpot(TM) 64-Bit Server VM (25.301-b09 mixed mode windows-amd64 compressed oops)
Heap:
 PSYoungGen      total 168960K, used 34099K [0x000000076b400000, 0x0000000778380000, 0x00000007c0000000)
  eden space 159744K, 21% used [0x000000076b400000,0x000000076d54cf40,0x0000000775000000)
  from space 9216K, 0% used [0x0000000775a80000,0x0000000775a80000,0x0000000776380000)
  to   space 10752K, 0% used [0x0000000775000000,0x0000000775000000,0x0000000775a80000)
 ParOldGen       total 155648K, used 23114K [0x00000006c1c00000, 0x00000006cb400000, 0x000000076b400000)
  object space 155648K, 14% used [0x00000006c1c00000,0x00000006c3292bb0,0x00000006cb400000)
 Metaspace       used 57690K, capacity 61152K, committed 61312K, reserved 1101824K
  class space    used 7966K, capacity 8571K, committed 8576K, reserved 1048576K
GC Heap History (10 events):
Event: 5.441 GC heap before
{Heap before GC invocations=7 (full 1):
 PSYoungGen      total 137216K, used 101521K [0x000000076b400000, 0x0000000776380000, 0x00000007c0000000)
  eden space 126464K, 74% used [0x000000076b400000,0x0000000770fdb7f8,0x0000000772f80000)
  from space 10752K, 69% used [0x0000000772f80000,0x00000007736c8fd0,0x0000000773a00000)
  to   space 9216K, 0% used [0x0000000775a80000,0x0000000775a80000,0x0000000776380000)
 ParOldGen       total 98304K, used 6855K [0x00000006c1c00000, 0x00000006c7c00000, 0x000000076b400000)
  object space 98304K, 6% used [0x00000006c1c00000,0x00000006c22b1fc0,0x00000006c7c00000)
 Metaspace       used 32916K, capacity 35408K, committed 35496K, reserved 1079296K
  class space    used 4356K, capacity 4826K, committed 4864K, reserved 1048576K
Event: 5.451 GC heap after
Heap after GC invocations=7 (full 1):
 PSYoungGen      total 168960K, used 9210K [0x000000076b400000, 0x0000000778380000, 0x00000007c0000000)
  eden space 159744K, 0% used [0x000000076b400000,0x000000076b400000,0x0000000775000000)
  from space 9216K, 99% used [0x0000000775a80000,0x000000077637eb20,0x0000000776380000)
  to   space 10752K, 0% used [0x0000000775000000,0x0000000775000000,0x0000000775a80000)
 ParOldGen       total 98304K, used 8585K [0x00000006c1c00000, 0x00000006c7c00000, 0x000000076b400000)
  object space 98304K, 8% used [0x00000006c1c00000,0x00000006c24625b8,0x00000006c7c00000)
 Metaspace       used 32916K, capacity 35408K, committed 35496K, reserved 1079296K
  class space    used 4356K, capacity 4826K, committed 4864K, reserved 1048576K
}
Event: 5.451 GC heap before
{Heap before GC invocations=8 (full 2):
 PSYoungGen      total 168960K, used 9210K [0x000000076b400000, 0x0000000778380000, 0x00000007c0000000)
  eden space 159744K, 0% used [0x000000076b400000,0x000000076b400000,0x0000000775000000)
  from space 9216K, 99% used [0x0000000775a80000,0x000000077637eb20,0x0000000776380000)
  to   space 10752K, 0% used [0x0000000775000000,0x0000000775000000,0x0000000775a80000)
 ParOldGen       total 98304K, used 8585K [0x00000006c1c00000, 0x00000006c7c00000, 0x000000076b400000)
  object space 98304K, 8% used [0x00000006c1c00000,0x00000006c24625b8,0x00000006c7c00000)
 Metaspace       used 32916K, capacity 35408K, committed 35496K, reserved 1079296K
  class space    used 4356K, capacity 4826K, committed 4864K, reserved 1048576K
Event: 5.498 GC heap after
Heap after GC invocations=8 (full 2):
 PSYoungGen      total 168960K, used 0K [0x000000076b400000, 0x0000000778380000, 0x00000007c0000000)
  eden space 159744K, 0% used [0x000000076b400000,0x000000076b400000,0x0000000775000000)
  from space 9216K, 0% used [0x0000000775a80000,0x0000000775a80000,0x0000000776380000)
  to   space 10752K, 0% used [0x0000000775000000,0x0000000775000000,0x0000000775a80000)
 ParOldGen       total 155648K, used 15732K [0x00000006c1c00000, 0x00000006cb400000, 0x000000076b400000)
  object space 155648K, 10% used [0x00000006c1c00000,0x00000006c2b5d000,0x00000006cb400000)
 Metaspace       used 32916K, capacity 35408K, committed 35496K, reserved 1079296K
  class space    used 4356K, capacity 4826K, committed 4864K, reserved 1048576K
}
Event: 8.455 GC heap before
{Heap before GC invocations=9 (full 2):
 PSYoungGen      total 168960K, used 159744K [0x000000076b400000, 0x0000000778380000, 0x00000007c0000000)
  eden space 159744K, 100% used [0x000000076b400000,0x0000000775000000,0x0000000775000000)
  from space 9216K, 0% used [0x0000000775a80000,0x0000000775a80000,0x0000000776380000)
  to   space 10752K, 0% used [0x0000000775000000,0x0000000775000000,0x0000000775a80000)
 ParOldGen       total 155648K, used 15732K [0x00000006c1c00000, 0x00000006cb400000, 0x000000076b400000)
  object space 155648K, 10% used [0x00000006c1c00000,0x00000006c2b5d000,0x00000006cb400000)
 Metaspace       used 48904K, capacity 51770K, committed 52096K, reserved 1093632K
  class space    used 6743K, capacity 7268K, committed 7296K, reserved 1048576K
Event: 8.472 GC heap after
Heap after GC invocations=9 (full 2):
 PSYoungGen      total 170496K, used 10729K [0x000000076b400000, 0x0000000778380000, 0x00000007c0000000)
  eden space 159744K, 0% used [0x000000076b400000,0x000000076b400000,0x0000000775000000)
  from space 10752K, 99% used [0x0000000775000000,0x0000000775a7a5b8,0x0000000775a80000)
  to   space 9216K, 0% used [0x0000000775a80000,0x0000000775a80000,0x0000000776380000)
 ParOldGen       total 155648K, used 20882K [0x00000006c1c00000, 0x00000006cb400000, 0x000000076b400000)
  object space 155648K, 13% used [0x00000006c1c00000,0x00000006c3064908,0x00000006cb400000)
 Metaspace       used 48904K, capacity 51770K, committed 52096K, reserved 1093632K
  class space    used 6743K, capacity 7268K, committed 7296K, reserved 1048576K
}
Event: 10.381 GC heap before
{Heap before GC invocations=10 (full 2):
 PSYoungGen      total 170496K, used 109844K [0x000000076b400000, 0x0000000778380000, 0x00000007c0000000)
  eden space 159744K, 62% used [0x000000076b400000,0x00000007714cab08,0x0000000775000000)
  from space 10752K, 99% used [0x0000000775000000,0x0000000775a7a5b8,0x0000000775a80000)
  to   space 9216K, 0% used [0x0000000775a80000,0x0000000775a80000,0x0000000776380000)
 ParOldGen       total 155648K, used 20882K [0x00000006c1c00000, 0x00000006cb400000, 0x000000076b400000)
  object space 155648K, 13% used [0x00000006c1c00000,0x00000006c3064908,0x00000006cb400000)
 Metaspace       used 56017K, capacity 59074K, committed 59160K, reserved 1099776K
  class space    used 7714K, capacity 8274K, committed 8320K, reserved 1048576K
Event: 10.390 GC heap after
Heap after GC invocations=10 (full 2):
 PSYoungGen      total 168960K, used 9209K [0x000000076b400000, 0x0000000778380000, 0x00000007c0000000)
  eden space 159744K, 0% used [0x000000076b400000,0x000000076b400000,0x0000000775000000)
  from space 9216K, 99% used [0x0000000775a80000,0x000000077637e798,0x0000000776380000)
  to   space 10752K, 0% used [0x0000000775000000,0x0000000775000000,0x0000000775a80000)
 ParOldGen       total 155648K, used 23741K [0x00000006c1c00000, 0x00000006cb400000, 0x000000076b400000)
  object space 155648K, 15% used [0x00000006c1c00000,0x00000006c332f6d0,0x00000006cb400000)
 Metaspace       used 56017K, capacity 59074K, committed 59160K, reserved 1099776K
  class space    used 7714K, capacity 8274K, committed 8320K, reserved 1048576K
}
Event: 10.390 GC heap before
{Heap before GC invocations=11 (full 3):
 PSYoungGen      total 168960K, used 9209K [0x000000076b400000, 0x0000000778380000, 0x00000007c0000000)
  eden space 159744K, 0% used [0x000000076b400000,0x000000076b400000,0x0000000775000000)
  from space 9216K, 99% used [0x0000000775a80000,0x000000077637e798,0x0000000776380000)
  to   space 10752K, 0% used [0x0000000775000000,0x0000000775000000,0x0000000775a80000)
 ParOldGen       total 155648K, used 23741K [0x00000006c1c00000, 0x00000006cb400000, 0x000000076b400000)
  object space 155648K, 15% used [0x00000006c1c00000,0x00000006c332f6d0,0x00000006cb400000)
 Metaspace       used 56017K, capacity 59074K, committed 59160K, reserved 1099776K
  class space    used 7714K, capacity 8274K, committed 8320K, reserved 1048576K
Event: 10.536 GC heap after
Heap after GC invocations=11 (full 3):
 PSYoungGen      total 168960K, used 0K [0x000000076b400000, 0x0000000778380000, 0x00000007c0000000)
  eden space 159744K, 0% used [0x000000076b400000,0x000000076b400000,0x0000000775000000)
  from space 9216K, 0% used [0x0000000775a80000,0x0000000775a80000,0x0000000776380000)
  to   space 10752K, 0% used [0x0000000775000000,0x0000000775000000,0x0000000775a80000)
 ParOldGen       total 155648K, used 23114K [0x00000006c1c00000, 0x00000006cb400000, 0x000000076b400000)
  object space 155648K, 14% used [0x00000006c1c00000,0x00000006c3292bb0,0x00000006cb400000)
 Metaspace       used 56017K, capacity 59074K, committed 59160K, reserved 1099776K
  class space    used 7714K, capacity 8274K, committed 8320K, reserved 1048576K
}

