# JRE version: Java(TM) SE Runtime Environment (8.0_301-b09) (build 1.8.0_301-b09)
# Java VM: Java HotSpot(TM) 64-Bit Server VM (25.301-b09 mixed mode windows-amd64 compressed oops)
Heap:
 PSYoungGen      total 289280K, used 178021K [0x000000076b400000, 0x000000077ea80000, 0x00000007c0000000)
  eden space 280064K, 63% used [0x000000076b400000,0x00000007761d9500,0x000000077c580000)
  from space 9216K, 0% used [0x000000077e180000,0x000000077e180000,0x000000077ea80000)
  to   space 16896K, 0% used [0x000000077c980000,0x000000077c980000,0x000000077da00000)
 ParOldGen       total 191488K, used 20084K [0x00000006c1c00000, 0x00000006cd700000, 0x000000076b400000)
  object space 191488K, 10% used [0x00000006c1c00000,0x00000006c2f9d338,0x00000006cd700000)
 Metaspace       used 61994K, capacity 66324K, committed 66560K, reserved 1105920K
  class space    used 8624K, capacity 9347K, committed 9472K, reserved 1048576K
GC Heap History (10 events):
Event: 5.946 GC heap before
{Heap before GC invocations=7 (full 1):
 PSYoungGen      total 136704K, used 75294K [0x000000076b400000, 0x0000000779580000, 0x00000007c0000000)
  eden space 125952K, 52% used [0x000000076b400000,0x000000076f4b6810,0x0000000772f00000)
  from space 10752K, 83% used [0x0000000772f00000,0x00000007737d1038,0x0000000773980000)
  to   space 11776K, 0% used [0x0000000778a00000,0x0000000778a00000,0x0000000779580000)
 ParOldGen       total 83456K, used 5792K [0x00000006c1c00000, 0x00000006c6d80000, 0x000000076b400000)
  object space 83456K, 6% used [0x00000006c1c00000,0x00000006c21a8078,0x00000006c6d80000)
 Metaspace       used 32921K, capacity 35426K, committed 35496K, reserved 1079296K
  class space    used 4354K, capacity 4829K, committed 4864K, reserved 1048576K
Event: 5.957 GC heap after
Heap after GC invocations=7 (full 1):
 PSYoungGen      total 218624K, used 9534K [0x000000076b400000, 0x0000000779f80000, 0x00000007c0000000)
  eden space 206848K, 0% used [0x000000076b400000,0x000000076b400000,0x0000000777e00000)
  from space 11776K, 80% used [0x0000000778a00000,0x000000077934f850,0x0000000779580000)
  to   space 12288K, 0% used [0x0000000777e00000,0x0000000777e00000,0x0000000778a00000)
 ParOldGen       total 83456K, used 5800K [0x00000006c1c00000, 0x00000006c6d80000, 0x000000076b400000)
  object space 83456K, 6% used [0x00000006c1c00000,0x00000006c21aa078,0x00000006c6d80000)
 Metaspace       used 32921K, capacity 35426K, committed 35496K, reserved 1079296K
  class space    used 4354K, capacity 4829K, committed 4864K, reserved 1048576K
}
Event: 5.957 GC heap before
{Heap before GC invocations=8 (full 2):
 PSYoungGen      total 218624K, used 9534K [0x000000076b400000, 0x0000000779f80000, 0x00000007c0000000)
  eden space 206848K, 0% used [0x000000076b400000,0x000000076b400000,0x0000000777e00000)
  from space 11776K, 80% used [0x0000000778a00000,0x000000077934f850,0x0000000779580000)
  to   space 12288K, 0% used [0x0000000777e00000,0x0000000777e00000,0x0000000778a00000)
 ParOldGen       total 83456K, used 5800K [0x00000006c1c00000, 0x00000006c6d80000, 0x000000076b400000)
  object space 83456K, 6% used [0x00000006c1c00000,0x00000006c21aa078,0x00000006c6d80000)
 Metaspace       used 32921K, capacity 35426K, committed 35496K, reserved 1079296K
  class space    used 4354K, capacity 4829K, committed 4864K, reserved 1048576K
Event: 6.100 GC heap after
Heap after GC invocations=8 (full 2):
 PSYoungGen      total 218624K, used 0K [0x000000076b400000, 0x0000000779f80000, 0x00000007c0000000)
  eden space 206848K, 0% used [0x000000076b400000,0x000000076b400000,0x0000000777e00000)
  from space 11776K, 0% used [0x0000000778a00000,0x0000000778a00000,0x0000000779580000)
  to   space 12288K, 0% used [0x0000000777e00000,0x0000000777e00000,0x0000000778a00000)
 ParOldGen       total 134144K, used 14080K [0x00000006c1c00000, 0x00000006c9f00000, 0x000000076b400000)
  object space 134144K, 10% used [0x00000006c1c00000,0x00000006c29c02e0,0x00000006c9f00000)
 Metaspace       used 32921K, capacity 35426K, committed 35496K, reserved 1079296K
  class space    used 4354K, capacity 4829K, committed 4864K, reserved 1048576K
}
Event: 10.059 GC heap before
{Heap before GC invocations=9 (full 2):
 PSYoungGen      total 218624K, used 206848K [0x000000076b400000, 0x0000000779f80000, 0x00000007c0000000)
  eden space 206848K, 100% used [0x000000076b400000,0x0000000777e00000,0x0000000777e00000)
  from space 11776K, 0% used [0x0000000778a00000,0x0000000778a00000,0x0000000779580000)
  to   space 12288K, 0% used [0x0000000777e00000,0x0000000777e00000,0x0000000778a00000)
 ParOldGen       total 134144K, used 14080K [0x00000006c1c00000, 0x00000006c9f00000, 0x000000076b400000)
  object space 134144K, 10% used [0x00000006c1c00000,0x00000006c29c02e0,0x00000006c9f00000)
 Metaspace       used 52716K, capacity 56044K, committed 56320K, reserved 1097728K
  class space    used 7324K, capacity 7907K, committed 7936K, reserved 1048576K
Event: 10.085 GC heap after
Heap after GC invocations=9 (full 2):
 PSYoungGen      total 219136K, used 12284K [0x000000076b400000, 0x000000077f300000, 0x00000007c0000000)
  eden space 206848K, 0% used [0x000000076b400000,0x000000076b400000,0x0000000777e00000)
  from space 12288K, 99% used [0x0000000777e00000,0x00000007789ff2e0,0x0000000778a00000)
  to   space 17920K, 0% used [0x000000077e180000,0x000000077e180000,0x000000077f300000)
 ParOldGen       total 134144K, used 22460K [0x00000006c1c00000, 0x00000006c9f00000, 0x000000076b400000)
  object space 134144K, 16% used [0x00000006c1c00000,0x00000006c31ef148,0x00000006c9f00000)
 Metaspace       used 52716K, capacity 56044K, committed 56320K, reserved 1097728K
  class space    used 7324K, capacity 7907K, committed 7936K, reserved 1048576K
}
Event: 11.710 GC heap before
{Heap before GC invocations=10 (full 2):
 PSYoungGen      total 219136K, used 50144K [0x000000076b400000, 0x000000077f300000, 0x00000007c0000000)
  eden space 206848K, 18% used [0x000000076b400000,0x000000076d8f8d50,0x0000000777e00000)
  from space 12288K, 99% used [0x0000000777e00000,0x00000007789ff2e0,0x0000000778a00000)
  to   space 17920K, 0% used [0x000000077e180000,0x000000077e180000,0x000000077f300000)
 ParOldGen       total 134144K, used 22460K [0x00000006c1c00000, 0x00000006c9f00000, 0x000000076b400000)
  object space 134144K, 16% used [0x00000006c1c00000,0x00000006c31ef148,0x00000006c9f00000)
 Metaspace       used 55626K, capacity 59094K, committed 59160K, reserved 1099776K
  class space    used 7714K, capacity 8298K, committed 8320K, reserved 1048576K
Event: 11.717 GC heap after
Heap after GC invocations=10 (full 2):
 PSYoungGen      total 289280K, used 9215K [0x000000076b400000, 0x000000077ea80000, 0x00000007c0000000)
  eden space 280064K, 0% used [0x000000076b400000,0x000000076b400000,0x000000077c580000)
  from space 9216K, 99% used [0x000000077e180000,0x000000077ea7fda0,0x000000077ea80000)
  to   space 16896K, 0% used [0x000000077c980000,0x000000077c980000,0x000000077da00000)
 ParOldGen       total 134144K, used 22468K [0x00000006c1c00000, 0x00000006c9f00000, 0x000000076b400000)
  object space 134144K, 16% used [0x00000006c1c00000,0x00000006c31f1148,0x00000006c9f00000)
 Metaspace       used 55626K, capacity 59094K, committed 59160K, reserved 1099776K
  class space    used 7714K, capacity 8298K, committed 8320K, reserved 1048576K
}
Event: 11.717 GC heap before
{Heap before GC invocations=11 (full 3):
 PSYoungGen      total 289280K, used 9215K [0x000000076b400000, 0x000000077ea80000, 0x00000007c0000000)
  eden space 280064K, 0% used [0x000000076b400000,0x000000076b400000,0x000000077c580000)
  from space 9216K, 99% used [0x000000077e180000,0x000000077ea7fda0,0x000000077ea80000)
  to   space 16896K, 0% used [0x000000077c980000,0x000000077c980000,0x000000077da00000)
 ParOldGen       total 134144K, used 22468K [0x00000006c1c00000, 0x00000006c9f00000, 0x000000076b400000)
  object space 134144K, 16% used [0x00000006c1c00000,0x00000006c31f1148,0x00000006c9f00000)
 Metaspace       used 55626K, capacity 59094K, committed 59160K, reserved 1099776K
  class space    used 7714K, capacity 8298K, committed 8320K, reserved 1048576K
Event: 11.888 GC heap after
Heap after GC invocations=11 (full 3):
 PSYoungGen      total 289280K, used 0K [0x000000076b400000, 0x000000077ea80000, 0x00000007c0000000)
  eden space 280064K, 0% used [0x000000076b400000,0x000000076b400000,0x000000077c580000)
  from space 9216K, 0% used [0x000000077e180000,0x000000077e180000,0x000000077ea80000)
  to   space 16896K, 0% used [0x000000077c980000,0x000000077c980000,0x000000077da00000)
 ParOldGen       total 191488K, used 20084K [0x00000006c1c00000, 0x00000006cd700000, 0x000000076b400000)
  object space 191488K, 10% used [0x00000006c1c00000,0x00000006c2f9d338,0x00000006cd700000)
 Metaspace       used 55626K, capacity 59094K, committed 59160K, reserved 1099776K
  class space    used 7714K, capacity 8298K, committed 8320K, reserved 1048576K
}

