# JRE version: Java(TM) SE Runtime Environment (8.0_301-b09) (build 1.8.0_301-b09)
# Java VM: Java HotSpot(TM) 64-Bit Server VM (25.301-b09 mixed mode windows-amd64 compressed oops)
Heap:
 PSYoungGen      total 253440K, used 219454K [0x000000076b400000, 0x000000077be80000, 0x00000007c0000000)
  eden space 242176K, 90% used [0x000000076b400000,0x0000000778a4fb78,0x000000077a080000)
  from space 11264K, 0% used [0x000000077b380000,0x000000077b380000,0x000000077be80000)
  to   space 15360K, 0% used [0x000000077a080000,0x000000077a080000,0x000000077af80000)
 ParOldGen       total 210944K, used 22172K [0x00000006c1c00000, 0x00000006cea00000, 0x000000076b400000)
  object space 210944K, 10% used [0x00000006c1c00000,0x00000006c31a7190,0x00000006cea00000)
 Metaspace       used 62196K, capacity 66594K, committed 66816K, reserved 1105920K
  class space    used 8621K, capacity 9354K, committed 9472K, reserved 1048576K
GC Heap History (10 events):
Event: 6.120 GC heap before
{Heap before GC invocations=7 (full 1):
 PSYoungGen      total 137216K, used 99283K [0x000000076b400000, 0x0000000776900000, 0x00000007c0000000)
  eden space 126464K, 72% used [0x000000076b400000,0x0000000770d9c510,0x0000000772f80000)
  from space 10752K, 69% used [0x0000000772f80000,0x00000007736d87b8,0x0000000773a00000)
  to   space 9216K, 0% used [0x0000000776000000,0x0000000776000000,0x0000000776900000)
 ParOldGen       total 97792K, used 6872K [0x00000006c1c00000, 0x00000006c7b80000, 0x000000076b400000)
  object space 97792K, 7% used [0x00000006c1c00000,0x00000006c22b61c8,0x00000006c7b80000)
 Metaspace       used 32922K, capacity 35408K, committed 35496K, reserved 1079296K
  class space    used 4356K, capacity 4826K, committed 4864K, reserved 1048576K
Event: 6.133 GC heap after
Heap after GC invocations=7 (full 1):
 PSYoungGen      total 174592K, used 9205K [0x000000076b400000, 0x0000000778880000, 0x00000007c0000000)
  eden space 165376K, 0% used [0x000000076b400000,0x000000076b400000,0x0000000775580000)
  from space 9216K, 99% used [0x0000000776000000,0x00000007768fd6b8,0x0000000776900000)
  to   space 10752K, 0% used [0x0000000775580000,0x0000000775580000,0x0000000776000000)
 ParOldGen       total 97792K, used 8586K [0x00000006c1c00000, 0x00000006c7b80000, 0x000000076b400000)
  object space 97792K, 8% used [0x00000006c1c00000,0x00000006c2462bf8,0x00000006c7b80000)
 Metaspace       used 32922K, capacity 35408K, committed 35496K, reserved 1079296K
  class space    used 4356K, capacity 4826K, committed 4864K, reserved 1048576K
}
Event: 6.133 GC heap before
{Heap before GC invocations=8 (full 2):
 PSYoungGen      total 174592K, used 9205K [0x000000076b400000, 0x0000000778880000, 0x00000007c0000000)
  eden space 165376K, 0% used [0x000000076b400000,0x000000076b400000,0x0000000775580000)
  from space 9216K, 99% used [0x0000000776000000,0x00000007768fd6b8,0x0000000776900000)
  to   space 10752K, 0% used [0x0000000775580000,0x0000000775580000,0x0000000776000000)
 ParOldGen       total 97792K, used 8586K [0x00000006c1c00000, 0x00000006c7b80000, 0x000000076b400000)
  object space 97792K, 8% used [0x00000006c1c00000,0x00000006c2462bf8,0x00000006c7b80000)
 Metaspace       used 32922K, capacity 35408K, committed 35496K, reserved 1079296K
  class space    used 4356K, capacity 4826K, committed 4864K, reserved 1048576K
Event: 6.179 GC heap after
Heap after GC invocations=8 (full 2):
 PSYoungGen      total 174592K, used 0K [0x000000076b400000, 0x0000000778880000, 0x00000007c0000000)
  eden space 165376K, 0% used [0x000000076b400000,0x000000076b400000,0x0000000775580000)
  from space 9216K, 0% used [0x0000000776000000,0x0000000776000000,0x0000000776900000)
  to   space 10752K, 0% used [0x0000000775580000,0x0000000775580000,0x0000000776000000)
 ParOldGen       total 151040K, used 15695K [0x00000006c1c00000, 0x00000006caf80000, 0x000000076b400000)
  object space 151040K, 10% used [0x00000006c1c00000,0x00000006c2b53e80,0x00000006caf80000)
 Metaspace       used 32922K, capacity 35408K, committed 35496K, reserved 1079296K
  class space    used 4356K, capacity 4826K, committed 4864K, reserved 1048576K
}
Event: 9.439 GC heap before
{Heap before GC invocations=9 (full 2):
 PSYoungGen      total 174592K, used 165376K [0x000000076b400000, 0x0000000778880000, 0x00000007c0000000)
  eden space 165376K, 100% used [0x000000076b400000,0x0000000775580000,0x0000000775580000)
  from space 9216K, 0% used [0x0000000776000000,0x0000000776000000,0x0000000776900000)
  to   space 10752K, 0% used [0x0000000775580000,0x0000000775580000,0x0000000776000000)
 ParOldGen       total 151040K, used 15695K [0x00000006c1c00000, 0x00000006caf80000, 0x000000076b400000)
  object space 151040K, 10% used [0x00000006c1c00000,0x00000006c2b53e80,0x00000006caf80000)
 Metaspace       used 49598K, capacity 52492K, committed 52736K, reserved 1095680K
  class space    used 6872K, capacity 7399K, committed 7424K, reserved 1048576K
Event: 9.465 GC heap after
Heap after GC invocations=9 (full 2):
 PSYoungGen      total 176128K, used 10738K [0x000000076b400000, 0x000000077c200000, 0x00000007c0000000)
  eden space 165376K, 0% used [0x000000076b400000,0x000000076b400000,0x0000000775580000)
  from space 10752K, 99% used [0x0000000775580000,0x0000000775ffc8c8,0x0000000776000000)
  to   space 14848K, 0% used [0x000000077b380000,0x000000077b380000,0x000000077c200000)
 ParOldGen       total 151040K, used 21687K [0x00000006c1c00000, 0x00000006caf80000, 0x000000076b400000)
  object space 151040K, 14% used [0x00000006c1c00000,0x00000006c312dfd8,0x00000006caf80000)
 Metaspace       used 49598K, capacity 52492K, committed 52736K, reserved 1095680K
  class space    used 6872K, capacity 7399K, committed 7424K, reserved 1048576K
}
Event: 11.195 GC heap before
{Heap before GC invocations=10 (full 2):
 PSYoungGen      total 176128K, used 100824K [0x000000076b400000, 0x000000077c200000, 0x00000007c0000000)
  eden space 165376K, 54% used [0x000000076b400000,0x0000000770bf9950,0x0000000775580000)
  from space 10752K, 99% used [0x0000000775580000,0x0000000775ffc8c8,0x0000000776000000)
  to   space 14848K, 0% used [0x000000077b380000,0x000000077b380000,0x000000077c200000)
 ParOldGen       total 151040K, used 21687K [0x00000006c1c00000, 0x00000006caf80000, 0x000000076b400000)
  object space 151040K, 14% used [0x00000006c1c00000,0x00000006c312dfd8,0x00000006caf80000)
 Metaspace       used 55980K, capacity 59074K, committed 59160K, reserved 1099776K
  class space    used 7722K, capacity 8276K, committed 8320K, reserved 1048576K
Event: 11.209 GC heap after
Heap after GC invocations=10 (full 2):
 PSYoungGen      total 253440K, used 10995K [0x000000076b400000, 0x000000077be80000, 0x00000007c0000000)
  eden space 242176K, 0% used [0x000000076b400000,0x000000076b400000,0x000000077a080000)
  from space 11264K, 97% used [0x000000077b380000,0x000000077be3ceb0,0x000000077be80000)
  to   space 15360K, 0% used [0x000000077a080000,0x000000077a080000,0x000000077af80000)
 ParOldGen       total 151040K, used 21759K [0x00000006c1c00000, 0x00000006caf80000, 0x000000076b400000)
  object space 151040K, 14% used [0x00000006c1c00000,0x00000006c313ffe8,0x00000006caf80000)
 Metaspace       used 55980K, capacity 59074K, committed 59160K, reserved 1099776K
  class space    used 7722K, capacity 8276K, committed 8320K, reserved 1048576K
}
Event: 11.209 GC heap before
{Heap before GC invocations=11 (full 3):
 PSYoungGen      total 253440K, used 10995K [0x000000076b400000, 0x000000077be80000, 0x00000007c0000000)
  eden space 242176K, 0% used [0x000000076b400000,0x000000076b400000,0x000000077a080000)
  from space 11264K, 97% used [0x000000077b380000,0x000000077be3ceb0,0x000000077be80000)
  to   space 15360K, 0% used [0x000000077a080000,0x000000077a080000,0x000000077af80000)
 ParOldGen       total 151040K, used 21759K [0x00000006c1c00000, 0x00000006caf80000, 0x000000076b400000)
  object space 151040K, 14% used [0x00000006c1c00000,0x00000006c313ffe8,0x00000006caf80000)
 Metaspace       used 55980K, capacity 59074K, committed 59160K, reserved 1099776K
  class space    used 7722K, capacity 8276K, committed 8320K, reserved 1048576K
Event: 11.376 GC heap after
Heap after GC invocations=11 (full 3):
 PSYoungGen      total 253440K, used 0K [0x000000076b400000, 0x000000077be80000, 0x00000007c0000000)
  eden space 242176K, 0% used [0x000000076b400000,0x000000076b400000,0x000000077a080000)
  from space 11264K, 0% used [0x000000077b380000,0x000000077b380000,0x000000077be80000)
  to   space 15360K, 0% used [0x000000077a080000,0x000000077a080000,0x000000077af80000)
 ParOldGen       total 210944K, used 22172K [0x00000006c1c00000, 0x00000006cea00000, 0x000000076b400000)
  object space 210944K, 10% used [0x00000006c1c00000,0x00000006c31a7190,0x00000006cea00000)
 Metaspace       used 55980K, capacity 59074K, committed 59160K, reserved 1099776K
  class space    used 7722K, capacity 8276K, committed 8320K, reserved 1048576K
}

