# JRE version: Java(TM) SE Runtime Environment (8.0_301-b09) (build 1.8.0_301-b09)
# Java VM: Java HotSpot(TM) 64-Bit Server VM (25.301-b09 mixed mode windows-amd64 compressed oops)
Heap:
 PSYoungGen      total 175104K, used 35628K [0x000000076b400000, 0x0000000778880000, 0x00000007c0000000)
  eden space 165888K, 21% used [0x000000076b400000,0x000000076d6cb330,0x0000000775600000)
  from space 9216K, 0% used [0x0000000776100000,0x0000000776100000,0x0000000776a00000)
  to   space 11264K, 0% used [0x0000000775600000,0x0000000775600000,0x0000000776100000)
 ParOldGen       total 150528K, used 22551K [0x00000006c1c00000, 0x00000006caf00000, 0x000000076b400000)
  object space 150528K, 14% used [0x00000006c1c00000,0x00000006c3205ea0,0x00000006caf00000)
 Metaspace       used 57728K, capacity 61216K, committed 61312K, reserved 1101824K
  class space    used 7976K, capacity 8571K, committed 8576K, reserved 1048576K
GC Heap History (10 events):
Event: 4.560 GC heap before
{Heap before GC invocations=7 (full 1):
 PSYoungGen      total 137216K, used 98038K [0x000000076b400000, 0x0000000776a00000, 0x00000007c0000000)
  eden space 126464K, 71% used [0x000000076b400000,0x0000000770c5c618,0x0000000772f80000)
  from space 10752K, 70% used [0x0000000772f80000,0x00000007736e12c0,0x0000000773a00000)
  to   space 9216K, 0% used [0x0000000776100000,0x0000000776100000,0x0000000776a00000)
 ParOldGen       total 96256K, used 6845K [0x00000006c1c00000, 0x00000006c7a00000, 0x000000076b400000)
  object space 96256K, 7% used [0x00000006c1c00000,0x00000006c22af5c8,0x00000006c7a00000)
 Metaspace       used 32922K, capacity 35408K, committed 35496K, reserved 1079296K
  class space    used 4356K, capacity 4826K, committed 4864K, reserved 1048576K
Event: 4.569 GC heap after
Heap after GC invocations=7 (full 1):
 PSYoungGen      total 175104K, used 9185K [0x000000076b400000, 0x0000000778880000, 0x00000007c0000000)
  eden space 165888K, 0% used [0x000000076b400000,0x000000076b400000,0x0000000775600000)
  from space 9216K, 99% used [0x0000000776100000,0x00000007769f86a8,0x0000000776a00000)
  to   space 11264K, 0% used [0x0000000775600000,0x0000000775600000,0x0000000776100000)
 ParOldGen       total 96256K, used 8568K [0x00000006c1c00000, 0x00000006c7a00000, 0x000000076b400000)
  object space 96256K, 8% used [0x00000006c1c00000,0x00000006c245e3b8,0x00000006c7a00000)
 Metaspace       used 32922K, capacity 35408K, committed 35496K, reserved 1079296K
  class space    used 4356K, capacity 4826K, committed 4864K, reserved 1048576K
}
Event: 4.569 GC heap before
{Heap before GC invocations=8 (full 2):
 PSYoungGen      total 175104K, used 9185K [0x000000076b400000, 0x0000000778880000, 0x00000007c0000000)
  eden space 165888K, 0% used [0x000000076b400000,0x000000076b400000,0x0000000775600000)
  from space 9216K, 99% used [0x0000000776100000,0x00000007769f86a8,0x0000000776a00000)
  to   space 11264K, 0% used [0x0000000775600000,0x0000000775600000,0x0000000776100000)
 ParOldGen       total 96256K, used 8568K [0x00000006c1c00000, 0x00000006c7a00000, 0x000000076b400000)
  object space 96256K, 8% used [0x00000006c1c00000,0x00000006c245e3b8,0x00000006c7a00000)
 Metaspace       used 32922K, capacity 35408K, committed 35496K, reserved 1079296K
  class space    used 4356K, capacity 4826K, committed 4864K, reserved 1048576K
Event: 4.614 GC heap after
Heap after GC invocations=8 (full 2):
 PSYoungGen      total 175104K, used 0K [0x000000076b400000, 0x0000000778880000, 0x00000007c0000000)
  eden space 165888K, 0% used [0x000000076b400000,0x000000076b400000,0x0000000775600000)
  from space 9216K, 0% used [0x0000000776100000,0x0000000776100000,0x0000000776a00000)
  to   space 11264K, 0% used [0x0000000775600000,0x0000000775600000,0x0000000776100000)
 ParOldGen       total 150528K, used 15664K [0x00000006c1c00000, 0x00000006caf00000, 0x000000076b400000)
  object space 150528K, 10% used [0x00000006c1c00000,0x00000006c2b4c088,0x00000006caf00000)
 Metaspace       used 32922K, capacity 35408K, committed 35496K, reserved 1079296K
  class space    used 4356K, capacity 4826K, committed 4864K, reserved 1048576K
}
Event: 7.553 GC heap before
{Heap before GC invocations=9 (full 2):
 PSYoungGen      total 175104K, used 165888K [0x000000076b400000, 0x0000000778880000, 0x00000007c0000000)
  eden space 165888K, 100% used [0x000000076b400000,0x0000000775600000,0x0000000775600000)
  from space 9216K, 0% used [0x0000000776100000,0x0000000776100000,0x0000000776a00000)
  to   space 11264K, 0% used [0x0000000775600000,0x0000000775600000,0x0000000776100000)
 ParOldGen       total 150528K, used 15664K [0x00000006c1c00000, 0x00000006caf00000, 0x000000076b400000)
  object space 150528K, 10% used [0x00000006c1c00000,0x00000006c2b4c088,0x00000006caf00000)
 Metaspace       used 49453K, capacity 52314K, committed 52480K, reserved 1093632K
  class space    used 6847K, capacity 7364K, committed 7424K, reserved 1048576K
Event: 7.570 GC heap after
Heap after GC invocations=9 (full 2):
 PSYoungGen      total 177152K, used 11257K [0x000000076b400000, 0x0000000778880000, 0x00000007c0000000)
  eden space 165888K, 0% used [0x000000076b400000,0x000000076b400000,0x0000000775600000)
  from space 11264K, 99% used [0x0000000775600000,0x00000007760fe5b8,0x0000000776100000)
  to   space 9216K, 0% used [0x0000000776100000,0x0000000776100000,0x0000000776a00000)
 ParOldGen       total 150528K, used 20891K [0x00000006c1c00000, 0x00000006caf00000, 0x000000076b400000)
  object space 150528K, 13% used [0x00000006c1c00000,0x00000006c3066dd8,0x00000006caf00000)
 Metaspace       used 49453K, capacity 52314K, committed 52480K, reserved 1093632K
  class space    used 6847K, capacity 7364K, committed 7424K, reserved 1048576K
}
Event: 9.399 GC heap before
{Heap before GC invocations=10 (full 2):
 PSYoungGen      total 177152K, used 103908K [0x000000076b400000, 0x0000000778880000, 0x00000007c0000000)
  eden space 165888K, 55% used [0x000000076b400000,0x0000000770e7ac98,0x0000000775600000)
  from space 11264K, 99% used [0x0000000775600000,0x00000007760fe5b8,0x0000000776100000)
  to   space 9216K, 0% used [0x0000000776100000,0x0000000776100000,0x0000000776a00000)
 ParOldGen       total 150528K, used 20891K [0x00000006c1c00000, 0x00000006caf00000, 0x000000076b400000)
  object space 150528K, 13% used [0x00000006c1c00000,0x00000006c3066dd8,0x00000006caf00000)
 Metaspace       used 56024K, capacity 59074K, committed 59160K, reserved 1099776K
  class space    used 7714K, capacity 8274K, committed 8320K, reserved 1048576K
Event: 9.409 GC heap after
Heap after GC invocations=10 (full 2):
 PSYoungGen      total 175104K, used 9188K [0x000000076b400000, 0x0000000778880000, 0x00000007c0000000)
  eden space 165888K, 0% used [0x000000076b400000,0x000000076b400000,0x0000000775600000)
  from space 9216K, 99% used [0x0000000776100000,0x00000007769f90c0,0x0000000776a00000)
  to   space 11264K, 0% used [0x0000000775600000,0x0000000775600000,0x0000000776100000)
 ParOldGen       total 150528K, used 23229K [0x00000006c1c00000, 0x00000006caf00000, 0x000000076b400000)
  object space 150528K, 15% used [0x00000006c1c00000,0x00000006c32af798,0x00000006caf00000)
 Metaspace       used 56024K, capacity 59074K, committed 59160K, reserved 1099776K
  class space    used 7714K, capacity 8274K, committed 8320K, reserved 1048576K
}
Event: 9.409 GC heap before
{Heap before GC invocations=11 (full 3):
 PSYoungGen      total 175104K, used 9188K [0x000000076b400000, 0x0000000778880000, 0x00000007c0000000)
  eden space 165888K, 0% used [0x000000076b400000,0x000000076b400000,0x0000000775600000)
  from space 9216K, 99% used [0x0000000776100000,0x00000007769f90c0,0x0000000776a00000)
  to   space 11264K, 0% used [0x0000000775600000,0x0000000775600000,0x0000000776100000)
 ParOldGen       total 150528K, used 23229K [0x00000006c1c00000, 0x00000006caf00000, 0x000000076b400000)
  object space 150528K, 15% used [0x00000006c1c00000,0x00000006c32af798,0x00000006caf00000)
 Metaspace       used 56024K, capacity 59074K, committed 59160K, reserved 1099776K
  class space    used 7714K, capacity 8274K, committed 8320K, reserved 1048576K
Event: 9.559 GC heap after
Heap after GC invocations=11 (full 3):
 PSYoungGen      total 175104K, used 0K [0x000000076b400000, 0x0000000778880000, 0x00000007c0000000)
  eden space 165888K, 0% used [0x000000076b400000,0x000000076b400000,0x0000000775600000)
  from space 9216K, 0% used [0x0000000776100000,0x0000000776100000,0x0000000776a00000)
  to   space 11264K, 0% used [0x0000000775600000,0x0000000775600000,0x0000000776100000)
 ParOldGen       total 150528K, used 22551K [0x00000006c1c00000, 0x00000006caf00000, 0x000000076b400000)
  object space 150528K, 14% used [0x00000006c1c00000,0x00000006c3205ea0,0x00000006caf00000)
 Metaspace       used 56024K, capacity 59074K, committed 59160K, reserved 1099776K
  class space    used 7714K, capacity 8274K, committed 8320K, reserved 1048576K
}

