# JRE version: Java(TM) SE Runtime Environment (8.0_301-b09) (build 1.8.0_301-b09)
# Java VM: Java HotSpot(TM) 64-Bit Server VM (25.301-b09 mixed mode windows-amd64 compressed oops)
Heap:
 PSYoungGen      total 154624K, used 34070K [0x000000076b400000, 0x0000000779380000, 0x00000007c0000000)
  eden space 143360K, 15% used [0x000000076b400000,0x000000076ca499a8,0x0000000774000000)
  from space 11264K, 99% used [0x0000000774000000,0x0000000774afc1f8,0x0000000774b00000)
  to   space 13824K, 0% used [0x0000000778600000,0x0000000778600000,0x0000000779380000)
 ParOldGen       total 165376K, used 18975K [0x00000006c1c00000, 0x00000006cbd80000, 0x000000076b400000)
  object space 165376K, 11% used [0x00000006c1c00000,0x00000006c2e87c50,0x00000006cbd80000)
 Metaspace       used 49046K, capacity 51834K, committed 52096K, reserved 1093632K
  class space    used 6769K, capacity 7268K, committed 7296K, reserved 1048576K
GC Heap History (10 events):
Event: 3.555 GC heap before
{Heap before GC invocations=5 (full 1):
 PSYoungGen      total 76288K, used 65521K [0x000000076b400000, 0x0000000774900000, 0x00000007c0000000)
  eden space 65536K, 99% used [0x000000076b400000,0x000000076f3fc6d0,0x000000076f400000)
  from space 10752K, 0% used [0x000000076f400000,0x000000076f400000,0x000000076fe80000)
  to   space 10752K, 0% used [0x0000000773e80000,0x0000000773e80000,0x0000000774900000)
 ParOldGen       total 102400K, used 6726K [0x00000006c1c00000, 0x00000006c8000000, 0x000000076b400000)
  object space 102400K, 6% used [0x00000006c1c00000,0x00000006c22918c8,0x00000006c8000000)
 Metaspace       used 23683K, capacity 25434K, committed 25600K, reserved 1071104K
  class space    used 3116K, capacity 3457K, committed 3584K, reserved 1048576K
Event: 3.562 GC heap after
Heap after GC invocations=5 (full 1):
 PSYoungGen      total 105472K, used 5845K [0x000000076b400000, 0x0000000774480000, 0x00000007c0000000)
  eden space 99328K, 0% used [0x000000076b400000,0x000000076b400000,0x0000000771500000)
  from space 6144K, 95% used [0x0000000773e80000,0x0000000774435790,0x0000000774480000)
  to   space 10752K, 0% used [0x0000000772f80000,0x0000000772f80000,0x0000000773a00000)
 ParOldGen       total 102400K, used 6734K [0x00000006c1c00000, 0x00000006c8000000, 0x000000076b400000)
  object space 102400K, 6% used [0x00000006c1c00000,0x00000006c22938c8,0x00000006c8000000)
 Metaspace       used 23683K, capacity 25434K, committed 25600K, reserved 1071104K
  class space    used 3116K, capacity 3457K, committed 3584K, reserved 1048576K
}
Event: 4.621 GC heap before
{Heap before GC invocations=6 (full 1):
 PSYoungGen      total 105472K, used 105173K [0x000000076b400000, 0x0000000774480000, 0x00000007c0000000)
  eden space 99328K, 100% used [0x000000076b400000,0x0000000771500000,0x0000000771500000)
  from space 6144K, 95% used [0x0000000773e80000,0x0000000774435790,0x0000000774480000)
  to   space 10752K, 0% used [0x0000000772f80000,0x0000000772f80000,0x0000000773a00000)
 ParOldGen       total 102400K, used 6734K [0x00000006c1c00000, 0x00000006c8000000, 0x000000076b400000)
  object space 102400K, 6% used [0x00000006c1c00000,0x00000006c22938c8,0x00000006c8000000)
 Metaspace       used 26671K, capacity 28564K, committed 28672K, reserved 1075200K
  class space    used 3484K, capacity 3832K, committed 3840K, reserved 1048576K
Event: 4.629 GC heap after
Heap after GC invocations=6 (full 1):
 PSYoungGen      total 137216K, used 6932K [0x000000076b400000, 0x0000000775400000, 0x00000007c0000000)
  eden space 126464K, 0% used [0x000000076b400000,0x000000076b400000,0x0000000772f80000)
  from space 10752K, 64% used [0x0000000772f80000,0x00000007736452a8,0x0000000773a00000)
  to   space 9216K, 0% used [0x0000000774b00000,0x0000000774b00000,0x0000000775400000)
 ParOldGen       total 102400K, used 6742K [0x00000006c1c00000, 0x00000006c8000000, 0x000000076b400000)
  object space 102400K, 6% used [0x00000006c1c00000,0x00000006c22958c8,0x00000006c8000000)
 Metaspace       used 26671K, capacity 28564K, committed 28672K, reserved 1075200K
  class space    used 3484K, capacity 3832K, committed 3840K, reserved 1048576K
}
Event: 6.128 GC heap before
{Heap before GC invocations=7 (full 1):
 PSYoungGen      total 137216K, used 107885K [0x000000076b400000, 0x0000000775400000, 0x00000007c0000000)
  eden space 126464K, 79% used [0x000000076b400000,0x0000000771696168,0x0000000772f80000)
  from space 10752K, 64% used [0x0000000772f80000,0x00000007736452a8,0x0000000773a00000)
  to   space 9216K, 0% used [0x0000000774b00000,0x0000000774b00000,0x0000000775400000)
 ParOldGen       total 102400K, used 6742K [0x00000006c1c00000, 0x00000006c8000000, 0x000000076b400000)
  object space 102400K, 6% used [0x00000006c1c00000,0x00000006c22958c8,0x00000006c8000000)
 Metaspace       used 32919K, capacity 35408K, committed 35496K, reserved 1079296K
  class space    used 4356K, capacity 4826K, committed 4864K, reserved 1048576K
Event: 6.142 GC heap after
Heap after GC invocations=7 (full 1):
 PSYoungGen      total 152576K, used 9185K [0x000000076b400000, 0x0000000777a00000, 0x00000007c0000000)
  eden space 143360K, 0% used [0x000000076b400000,0x000000076b400000,0x0000000774000000)
  from space 9216K, 99% used [0x0000000774b00000,0x00000007753f8558,0x0000000775400000)
  to   space 11264K, 0% used [0x0000000774000000,0x0000000774000000,0x0000000774b00000)
 ParOldGen       total 102400K, used 8935K [0x00000006c1c00000, 0x00000006c8000000, 0x000000076b400000)
  object space 102400K, 8% used [0x00000006c1c00000,0x00000006c24b9e20,0x00000006c8000000)
 Metaspace       used 32919K, capacity 35408K, committed 35496K, reserved 1079296K
  class space    used 4356K, capacity 4826K, committed 4864K, reserved 1048576K
}
Event: 6.142 GC heap before
{Heap before GC invocations=8 (full 2):
 PSYoungGen      total 152576K, used 9185K [0x000000076b400000, 0x0000000777a00000, 0x00000007c0000000)
  eden space 143360K, 0% used [0x000000076b400000,0x000000076b400000,0x0000000774000000)
  from space 9216K, 99% used [0x0000000774b00000,0x00000007753f8558,0x0000000775400000)
  to   space 11264K, 0% used [0x0000000774000000,0x0000000774000000,0x0000000774b00000)
 ParOldGen       total 102400K, used 8935K [0x00000006c1c00000, 0x00000006c8000000, 0x000000076b400000)
  object space 102400K, 8% used [0x00000006c1c00000,0x00000006c24b9e20,0x00000006c8000000)
 Metaspace       used 32919K, capacity 35408K, committed 35496K, reserved 1079296K
  class space    used 4356K, capacity 4826K, committed 4864K, reserved 1048576K
Event: 6.203 GC heap after
Heap after GC invocations=8 (full 2):
 PSYoungGen      total 152576K, used 0K [0x000000076b400000, 0x0000000777a00000, 0x00000007c0000000)
  eden space 143360K, 0% used [0x000000076b400000,0x000000076b400000,0x0000000774000000)
  from space 9216K, 0% used [0x0000000774b00000,0x0000000774b00000,0x0000000775400000)
  to   space 11264K, 0% used [0x0000000774000000,0x0000000774000000,0x0000000774b00000)
 ParOldGen       total 165376K, used 16080K [0x00000006c1c00000, 0x00000006cbd80000, 0x000000076b400000)
  object space 165376K, 9% used [0x00000006c1c00000,0x00000006c2bb4068,0x00000006cbd80000)
 Metaspace       used 32919K, capacity 35408K, committed 35496K, reserved 1079296K
  class space    used 4356K, capacity 4826K, committed 4864K, reserved 1048576K
}
Event: 9.073 GC heap before
{Heap before GC invocations=9 (full 2):
 PSYoungGen      total 152576K, used 143360K [0x000000076b400000, 0x0000000777a00000, 0x00000007c0000000)
  eden space 143360K, 100% used [0x000000076b400000,0x0000000774000000,0x0000000774000000)
  from space 9216K, 0% used [0x0000000774b00000,0x0000000774b00000,0x0000000775400000)
  to   space 11264K, 0% used [0x0000000774000000,0x0000000774000000,0x0000000774b00000)
 ParOldGen       total 165376K, used 16080K [0x00000006c1c00000, 0x00000006cbd80000, 0x000000076b400000)
  object space 165376K, 9% used [0x00000006c1c00000,0x00000006c2bb4068,0x00000006cbd80000)
 Metaspace       used 47007K, capacity 49844K, committed 49920K, reserved 1091584K
  class space    used 6419K, capacity 6909K, committed 6912K, reserved 1048576K
Event: 9.087 GC heap after
Heap after GC invocations=9 (full 2):
 PSYoungGen      total 154624K, used 11248K [0x000000076b400000, 0x0000000779380000, 0x00000007c0000000)
  eden space 143360K, 0% used [0x000000076b400000,0x000000076b400000,0x0000000774000000)
  from space 11264K, 99% used [0x0000000774000000,0x0000000774afc1f8,0x0000000774b00000)
  to   space 13824K, 0% used [0x0000000778600000,0x0000000778600000,0x0000000779380000)
 ParOldGen       total 165376K, used 18975K [0x00000006c1c00000, 0x00000006cbd80000, 0x000000076b400000)
  object space 165376K, 11% used [0x00000006c1c00000,0x00000006c2e87c50,0x00000006cbd80000)
 Metaspace       used 47007K, capacity 49844K, committed 49920K, reserved 1091584K
  class space    used 6419K, capacity 6909K, committed 6912K, reserved 1048576K
}

