# JRE version: Java(TM) SE Runtime Environment (8.0_301-b09) (build 1.8.0_301-b09)
# Java VM: Java HotSpot(TM) 64-Bit Server VM (25.301-b09 mixed mode windows-amd64 compressed oops)
Heap:
 PSYoungGen      total 431104K, used 7414K [0x000000076b400000, 0x0000000786c00000, 0x00000007c0000000)
  eden space 414208K, 1% used [0x000000076b400000,0x000000076bb3d888,0x0000000784880000)
  from space 16896K, 0% used [0x0000000784b00000,0x0000000784b00000,0x0000000785b80000)
  to   space 12288K, 0% used [0x0000000786000000,0x0000000786000000,0x0000000786c00000)
 ParOldGen       total 104448K, used 20467K [0x00000006c1c00000, 0x00000006c8200000, 0x000000076b400000)
  object space 104448K, 19% used [0x00000006c1c00000,0x00000006c2ffcec0,0x00000006c8200000)
 Metaspace       used 56945K, capacity 60354K, committed 60464K, reserved 1101824K
  class space    used 7874K, capacity 8474K, committed 8576K, reserved 1048576K
GC Heap History (10 events):
Event: 4.871 GC heap before
{Heap before GC invocations=8 (full 1):
 PSYoungGen      total 242688K, used 14529K [0x000000076b400000, 0x000000077b000000, 0x00000007c0000000)
  eden space 232448K, 1% used [0x000000076b400000,0x000000076b8316d8,0x0000000779700000)
  from space 10240K, 99% used [0x000000077a600000,0x000000077affef90,0x000000077b000000)
  to   space 12800K, 0% used [0x0000000779700000,0x0000000779700000,0x000000077a380000)
 ParOldGen       total 81408K, used 8141K [0x00000006c1c00000, 0x00000006c6b80000, 0x000000076b400000)
  object space 81408K, 10% used [0x00000006c1c00000,0x00000006c23f36d8,0x00000006c6b80000)
 Metaspace       used 33547K, capacity 36034K, committed 36048K, reserved 1081344K
  class space    used 4427K, capacity 4861K, committed 4864K, reserved 1048576K
Event: 4.880 GC heap after
Heap after GC invocations=8 (full 1):
 PSYoungGen      total 245248K, used 8154K [0x000000076b400000, 0x0000000786c00000, 0x00000007c0000000)
  eden space 232448K, 0% used [0x000000076b400000,0x000000076b400000,0x0000000779700000)
  from space 12800K, 63% used [0x0000000779700000,0x0000000779ef6a08,0x000000077a380000)
  to   space 12288K, 0% used [0x0000000786000000,0x0000000786000000,0x0000000786c00000)
 ParOldGen       total 81408K, used 8141K [0x00000006c1c00000, 0x00000006c6b80000, 0x000000076b400000)
  object space 81408K, 10% used [0x00000006c1c00000,0x00000006c23f36d8,0x00000006c6b80000)
 Metaspace       used 33547K, capacity 36034K, committed 36048K, reserved 1081344K
  class space    used 4427K, capacity 4861K, committed 4864K, reserved 1048576K
}
Event: 4.880 GC heap before
{Heap before GC invocations=9 (full 2):
 PSYoungGen      total 245248K, used 8154K [0x000000076b400000, 0x0000000786c00000, 0x00000007c0000000)
  eden space 232448K, 0% used [0x000000076b400000,0x000000076b400000,0x0000000779700000)
  from space 12800K, 63% used [0x0000000779700000,0x0000000779ef6a08,0x000000077a380000)
  to   space 12288K, 0% used [0x0000000786000000,0x0000000786000000,0x0000000786c00000)
 ParOldGen       total 81408K, used 8141K [0x00000006c1c00000, 0x00000006c6b80000, 0x000000076b400000)
  object space 81408K, 10% used [0x00000006c1c00000,0x00000006c23f36d8,0x00000006c6b80000)
 Metaspace       used 33547K, capacity 36034K, committed 36048K, reserved 1081344K
  class space    used 4427K, capacity 4861K, committed 4864K, reserved 1048576K
Event: 4.923 GC heap after
Heap after GC invocations=9 (full 2):
 PSYoungGen      total 245248K, used 0K [0x000000076b400000, 0x0000000786c00000, 0x00000007c0000000)
  eden space 232448K, 0% used [0x000000076b400000,0x000000076b400000,0x0000000779700000)
  from space 12800K, 0% used [0x0000000779700000,0x0000000779700000,0x000000077a380000)
  to   space 12288K, 0% used [0x0000000786000000,0x0000000786000000,0x0000000786c00000)
 ParOldGen       total 104448K, used 13026K [0x00000006c1c00000, 0x00000006c8200000, 0x000000076b400000)
  object space 104448K, 12% used [0x00000006c1c00000,0x00000006c28b8a70,0x00000006c8200000)
 Metaspace       used 33547K, capacity 36034K, committed 36048K, reserved 1081344K
  class space    used 4427K, capacity 4861K, committed 4864K, reserved 1048576K
}
Event: 10.672 GC heap before
{Heap before GC invocations=10 (full 2):
 PSYoungGen      total 245248K, used 232448K [0x000000076b400000, 0x0000000786c00000, 0x00000007c0000000)
  eden space 232448K, 100% used [0x000000076b400000,0x0000000779700000,0x0000000779700000)
  from space 12800K, 0% used [0x0000000779700000,0x0000000779700000,0x000000077a380000)
  to   space 12288K, 0% used [0x0000000786000000,0x0000000786000000,0x0000000786c00000)
 ParOldGen       total 104448K, used 13026K [0x00000006c1c00000, 0x00000006c8200000, 0x000000076b400000)
  object space 104448K, 12% used [0x00000006c1c00000,0x00000006c28b8a70,0x00000006c8200000)
 Metaspace       used 55007K, capacity 58084K, committed 58320K, reserved 1099776K
  class space    used 7613K, capacity 8165K, committed 8192K, reserved 1048576K
Event: 10.701 GC heap after
Heap after GC invocations=10 (full 2):
 PSYoungGen      total 426496K, used 12280K [0x000000076b400000, 0x0000000786c00000, 0x00000007c0000000)
  eden space 414208K, 0% used [0x000000076b400000,0x000000076b400000,0x0000000784880000)
  from space 12288K, 99% used [0x0000000786000000,0x0000000786bfe1b8,0x0000000786c00000)
  to   space 16896K, 0% used [0x0000000784b00000,0x0000000784b00000,0x0000000785b80000)
 ParOldGen       total 104448K, used 20571K [0x00000006c1c00000, 0x00000006c8200000, 0x000000076b400000)
  object space 104448K, 19% used [0x00000006c1c00000,0x00000006c3016d50,0x00000006c8200000)
 Metaspace       used 55007K, capacity 58084K, committed 58320K, reserved 1099776K
  class space    used 7613K, capacity 8165K, committed 8192K, reserved 1048576K
}
Event: 11.162 GC heap before
{Heap before GC invocations=11 (full 2):
 PSYoungGen      total 426496K, used 50990K [0x000000076b400000, 0x0000000786c00000, 0x00000007c0000000)
  eden space 414208K, 9% used [0x000000076b400000,0x000000076d9cd7d8,0x0000000784880000)
  from space 12288K, 99% used [0x0000000786000000,0x0000000786bfe1b8,0x0000000786c00000)
  to   space 16896K, 0% used [0x0000000784b00000,0x0000000784b00000,0x0000000785b80000)
 ParOldGen       total 104448K, used 20571K [0x00000006c1c00000, 0x00000006c8200000, 0x000000076b400000)
  object space 104448K, 19% used [0x00000006c1c00000,0x00000006c3016d50,0x00000006c8200000)
 Metaspace       used 56799K, capacity 59986K, committed 60080K, reserved 1101824K
  class space    used 7827K, capacity 8386K, committed 8448K, reserved 1048576K
Event: 11.175 GC heap after
Heap after GC invocations=11 (full 2):
 PSYoungGen      total 431104K, used 8310K [0x000000076b400000, 0x0000000786c00000, 0x00000007c0000000)
  eden space 414208K, 0% used [0x000000076b400000,0x000000076b400000,0x0000000784880000)
  from space 16896K, 49% used [0x0000000784b00000,0x000000078531d930,0x0000000785b80000)
  to   space 12288K, 0% used [0x0000000786000000,0x0000000786000000,0x0000000786c00000)
 ParOldGen       total 104448K, used 20579K [0x00000006c1c00000, 0x00000006c8200000, 0x000000076b400000)
  object space 104448K, 19% used [0x00000006c1c00000,0x00000006c3018d50,0x00000006c8200000)
 Metaspace       used 56799K, capacity 59986K, committed 60080K, reserved 1101824K
  class space    used 7827K, capacity 8386K, committed 8448K, reserved 1048576K
}
Event: 11.175 GC heap before
{Heap before GC invocations=12 (full 3):
 PSYoungGen      total 431104K, used 8310K [0x000000076b400000, 0x0000000786c00000, 0x00000007c0000000)
  eden space 414208K, 0% used [0x000000076b400000,0x000000076b400000,0x0000000784880000)
  from space 16896K, 49% used [0x0000000784b00000,0x000000078531d930,0x0000000785b80000)
  to   space 12288K, 0% used [0x0000000786000000,0x0000000786000000,0x0000000786c00000)
 ParOldGen       total 104448K, used 20579K [0x00000006c1c00000, 0x00000006c8200000, 0x000000076b400000)
  object space 104448K, 19% used [0x00000006c1c00000,0x00000006c3018d50,0x00000006c8200000)
 Metaspace       used 56799K, capacity 59986K, committed 60080K, reserved 1101824K
  class space    used 7827K, capacity 8386K, committed 8448K, reserved 1048576K
Event: 11.483 GC heap after
Heap after GC invocations=12 (full 3):
 PSYoungGen      total 431104K, used 0K [0x000000076b400000, 0x0000000786c00000, 0x00000007c0000000)
  eden space 414208K, 0% used [0x000000076b400000,0x000000076b400000,0x0000000784880000)
  from space 16896K, 0% used [0x0000000784b00000,0x0000000784b00000,0x0000000785b80000)
  to   space 12288K, 0% used [0x0000000786000000,0x0000000786000000,0x0000000786c00000)
 ParOldGen       total 104448K, used 20467K [0x00000006c1c00000, 0x00000006c8200000, 0x000000076b400000)
  object space 104448K, 19% used [0x00000006c1c00000,0x00000006c2ffcec0,0x00000006c8200000)
 Metaspace       used 56799K, capacity 59986K, committed 60080K, reserved 1101824K
  class space    used 7827K, capacity 8386K, committed 8448K, reserved 1048576K
}

