# JRE version: Java(TM) SE Runtime Environment (8.0_301-b09) (build 1.8.0_301-b09)
# Java VM: Java HotSpot(TM) 64-Bit Server VM (25.301-b09 mixed mode windows-amd64 compressed oops)
Heap:
 PSYoungGen      total 246784K, used 22057K [0x000000076b400000, 0x000000077df00000, 0x00000007c0000000)
  eden space 231424K, 4% used [0x000000076b400000,0x000000076bec4600,0x0000000779600000)
  from space 15360K, 71% used [0x0000000779600000,0x000000077a0c6140,0x000000077a500000)
  to   space 15360K, 0% used [0x000000077d000000,0x000000077d000000,0x000000077df00000)
 ParOldGen       total 214528K, used 22793K [0x00000006c1c00000, 0x00000006ced80000, 0x000000076b400000)
  object space 214528K, 10% used [0x00000006c1c00000,0x00000006c3242530,0x00000006ced80000)
 Metaspace       used 63871K, capacity 68472K, committed 68736K, reserved 1107968K
  class space    used 8853K, capacity 9585K, committed 9600K, reserved 1048576K
GC Heap History (10 events):
Event: 7.013 GC heap before
{Heap before GC invocations=8 (full 2):
 PSYoungGen      total 171520K, used 9207K [0x000000076b400000, 0x0000000778500000, 0x00000007c0000000)
  eden space 162304K, 0% used [0x000000076b400000,0x000000076b400000,0x0000000775280000)
  from space 9216K, 99% used [0x0000000775d00000,0x00000007765fded0,0x0000000776600000)
  to   space 10752K, 0% used [0x0000000775280000,0x0000000775280000,0x0000000775d00000)
 ParOldGen       total 97280K, used 8499K [0x00000006c1c00000, 0x00000006c7b00000, 0x000000076b400000)
  object space 97280K, 8% used [0x00000006c1c00000,0x00000006c244cde0,0x00000006c7b00000)
 Metaspace       used 32928K, capacity 35408K, committed 35496K, reserved 1079296K
  class space    used 4357K, capacity 4826K, committed 4864K, reserved 1048576K
Event: 7.073 GC heap after
Heap after GC invocations=8 (full 2):
 PSYoungGen      total 171520K, used 0K [0x000000076b400000, 0x0000000778500000, 0x00000007c0000000)
  eden space 162304K, 0% used [0x000000076b400000,0x000000076b400000,0x0000000775280000)
  from space 9216K, 0% used [0x0000000775d00000,0x0000000775d00000,0x0000000776600000)
  to   space 10752K, 0% used [0x0000000775280000,0x0000000775280000,0x0000000775d00000)
 ParOldGen       total 152576K, used 15718K [0x00000006c1c00000, 0x00000006cb100000, 0x000000076b400000)
  object space 152576K, 10% used [0x00000006c1c00000,0x00000006c2b59ad8,0x00000006cb100000)
 Metaspace       used 32928K, capacity 35408K, committed 35496K, reserved 1079296K
  class space    used 4357K, capacity 4826K, committed 4864K, reserved 1048576K
}
Event: 10.781 GC heap before
{Heap before GC invocations=9 (full 2):
 PSYoungGen      total 171520K, used 162304K [0x000000076b400000, 0x0000000778500000, 0x00000007c0000000)
  eden space 162304K, 100% used [0x000000076b400000,0x0000000775280000,0x0000000775280000)
  from space 9216K, 0% used [0x0000000775d00000,0x0000000775d00000,0x0000000776600000)
  to   space 10752K, 0% used [0x0000000775280000,0x0000000775280000,0x0000000775d00000)
 ParOldGen       total 152576K, used 15718K [0x00000006c1c00000, 0x00000006cb100000, 0x000000076b400000)
  object space 152576K, 10% used [0x00000006c1c00000,0x00000006c2b59ad8,0x00000006cb100000)
 Metaspace       used 49042K, capacity 51898K, committed 52096K, reserved 1093632K
  class space    used 6774K, capacity 7268K, committed 7296K, reserved 1048576K
Event: 10.800 GC heap after
Heap after GC invocations=9 (full 2):
 PSYoungGen      total 173056K, used 10734K [0x000000076b400000, 0x000000077b700000, 0x00000007c0000000)
  eden space 162304K, 0% used [0x000000076b400000,0x000000076b400000,0x0000000775280000)
  from space 10752K, 99% used [0x0000000775280000,0x0000000775cfb9f0,0x0000000775d00000)
  to   space 14848K, 0% used [0x000000077a880000,0x000000077a880000,0x000000077b700000)
 ParOldGen       total 152576K, used 21070K [0x00000006c1c00000, 0x00000006cb100000, 0x000000076b400000)
  object space 152576K, 13% used [0x00000006c1c00000,0x00000006c30939b8,0x00000006cb100000)
 Metaspace       used 49042K, capacity 51898K, committed 52096K, reserved 1093632K
  class space    used 6774K, capacity 7268K, committed 7296K, reserved 1048576K
}
Event: 13.033 GC heap before
{Heap before GC invocations=10 (full 2):
 PSYoungGen      total 173056K, used 106243K [0x000000076b400000, 0x000000077b700000, 0x00000007c0000000)
  eden space 162304K, 58% used [0x000000076b400000,0x0000000771145598,0x0000000775280000)
  from space 10752K, 99% used [0x0000000775280000,0x0000000775cfb9f0,0x0000000775d00000)
  to   space 14848K, 0% used [0x000000077a880000,0x000000077a880000,0x000000077b700000)
 ParOldGen       total 152576K, used 21070K [0x00000006c1c00000, 0x00000006cb100000, 0x000000076b400000)
  object space 152576K, 13% used [0x00000006c1c00000,0x00000006c30939b8,0x00000006cb100000)
 Metaspace       used 56020K, capacity 59074K, committed 59160K, reserved 1099776K
  class space    used 7724K, capacity 8276K, committed 8320K, reserved 1048576K
Event: 13.045 GC heap after
Heap after GC invocations=10 (full 2):
 PSYoungGen      total 241152K, used 11617K [0x000000076b400000, 0x000000077b400000, 0x00000007c0000000)
  eden space 229376K, 0% used [0x000000076b400000,0x000000076b400000,0x0000000779400000)
  from space 11776K, 98% used [0x000000077a880000,0x000000077b3d87e8,0x000000077b400000)
  to   space 15360K, 0% used [0x0000000779600000,0x0000000779600000,0x000000077a500000)
 ParOldGen       total 152576K, used 21142K [0x00000006c1c00000, 0x00000006cb100000, 0x000000076b400000)
  object space 152576K, 13% used [0x00000006c1c00000,0x00000006c30a59c8,0x00000006cb100000)
 Metaspace       used 56020K, capacity 59074K, committed 59160K, reserved 1099776K
  class space    used 7724K, capacity 8276K, committed 8320K, reserved 1048576K
}
Event: 13.045 GC heap before
{Heap before GC invocations=11 (full 3):
 PSYoungGen      total 241152K, used 11617K [0x000000076b400000, 0x000000077b400000, 0x00000007c0000000)
  eden space 229376K, 0% used [0x000000076b400000,0x000000076b400000,0x0000000779400000)
  from space 11776K, 98% used [0x000000077a880000,0x000000077b3d87e8,0x000000077b400000)
  to   space 15360K, 0% used [0x0000000779600000,0x0000000779600000,0x000000077a500000)
 ParOldGen       total 152576K, used 21142K [0x00000006c1c00000, 0x00000006cb100000, 0x000000076b400000)
  object space 152576K, 13% used [0x00000006c1c00000,0x00000006c30a59c8,0x00000006cb100000)
 Metaspace       used 56020K, capacity 59074K, committed 59160K, reserved 1099776K
  class space    used 7724K, capacity 8276K, committed 8320K, reserved 1048576K
Event: 13.221 GC heap after
Heap after GC invocations=11 (full 3):
 PSYoungGen      total 241152K, used 0K [0x000000076b400000, 0x000000077b400000, 0x00000007c0000000)
  eden space 229376K, 0% used [0x000000076b400000,0x000000076b400000,0x0000000779400000)
  from space 11776K, 0% used [0x000000077a880000,0x000000077a880000,0x000000077b400000)
  to   space 15360K, 0% used [0x0000000779600000,0x0000000779600000,0x000000077a500000)
 ParOldGen       total 214528K, used 22785K [0x00000006c1c00000, 0x00000006ced80000, 0x000000076b400000)
  object space 214528K, 10% used [0x00000006c1c00000,0x00000006c3240530,0x00000006ced80000)
 Metaspace       used 56020K, capacity 59074K, committed 59160K, reserved 1099776K
  class space    used 7724K, capacity 8276K, committed 8320K, reserved 1048576K
}
Event: 16.274 GC heap before
{Heap before GC invocations=12 (full 3):
 PSYoungGen      total 241152K, used 229376K [0x000000076b400000, 0x000000077b400000, 0x00000007c0000000)
  eden space 229376K, 100% used [0x000000076b400000,0x0000000779400000,0x0000000779400000)
  from space 11776K, 0% used [0x000000077a880000,0x000000077a880000,0x000000077b400000)
  to   space 15360K, 0% used [0x0000000779600000,0x0000000779600000,0x000000077a500000)
 ParOldGen       total 214528K, used 22785K [0x00000006c1c00000, 0x00000006ced80000, 0x000000076b400000)
  object space 214528K, 10% used [0x00000006c1c00000,0x00000006c3240530,0x00000006ced80000)
 Metaspace       used 63055K, capacity 67508K, committed 67712K, reserved 1107968K
  class space    used 8753K, capacity 9479K, committed 9600K, reserved 1048576K
Event: 16.295 GC heap after
Heap after GC invocations=12 (full 3):
 PSYoungGen      total 246784K, used 11032K [0x000000076b400000, 0x000000077df00000, 0x00000007c0000000)
  eden space 231424K, 0% used [0x000000076b400000,0x000000076b400000,0x0000000779600000)
  from space 15360K, 71% used [0x0000000779600000,0x000000077a0c6140,0x000000077a500000)
  to   space 15360K, 0% used [0x000000077d000000,0x000000077d000000,0x000000077df00000)
 ParOldGen       total 214528K, used 22793K [0x00000006c1c00000, 0x00000006ced80000, 0x000000076b400000)
  object space 214528K, 10% used [0x00000006c1c00000,0x00000006c3242530,0x00000006ced80000)
 Metaspace       used 63055K, capacity 67508K, committed 67712K, reserved 1107968K
  class space    used 8753K, capacity 9479K, committed 9600K, reserved 1048576K
}

